#-----------------------------------------------------------
# Vivado v2018.3 (64-bit)
# SW Build 2405991 on Thu Dec  6 23:38:27 MST 2018
# IP Build 2404404 on Fri Dec  7 01:43:56 MST 2018
# Start of session at: Sat Aug  1 15:54:58 2020
# Process ID: 14220
# Current directory: G:/aes
# Command line: vivado.exe -gui_launcher_event rodinguilauncherevent932 G:\aes\AWS_aes.xpr
# Log file: G:/aes/vivado.log
# Journal file: G:/aes\vivado.jou
#-----------------------------------------------------------
start_gui
open_project G:/aes/AWS_aes.xpr
Scanning sources...
Finished scanning sources
INFO: [IP_Flow 19-234] Refreshing IP repositories
INFO: [IP_Flow 19-1704] No user IP repositories specified
INFO: [IP_Flow 19-2313] Loaded Vivado IP repository 'D:/Xilinx/Vivado/2018.3/data/ip'.
WARNING: [IP_Flow 19-2162] IP 'clk_wiz_0' is locked:
* IP definition 'Clocking Wizard (6.0)' for IP 'clk_wiz_0' (customized with software release 2018.2) has a different revision in the IP Catalog.
Please select 'Report IP Status' from the 'Tools/Report' menu or run Tcl command 'report_ip_status' for more information.
open_project: Time (s): cpu = 00:00:13 ; elapsed = 00:00:06 . Memory (MB): peak = 819.664 ; gain = 181.262
update_compile_order -fileset sources_1
upgrade_ip -vlnv xilinx.com:ip:clk_wiz:6.0 [get_ips  clk_wiz_0] -log ip_upgrade.log
Upgrading 'clk_wiz_0'
INFO: [IP_Flow 19-3422] Upgraded clk_wiz_0 (Clocking Wizard 6.0) from revision 1 to revision 2
INFO: [IP_Flow 19-1686] Generating 'Instantiation Template' target for IP 'clk_wiz_0'...
INFO: [Coretcl 2-1525] Wrote upgrade log to 'G:/aes/ip_upgrade.log'.
export_ip_user_files -of_objects [get_ips clk_wiz_0] -no_script -sync -force -quiet
generate_target all [get_files  G:/aes/AWS_aes.srcs/sources_1/ip/clk_wiz_0/clk_wiz_0.xci]
INFO: [IP_Flow 19-1686] Generating 'Synthesis' target for IP 'clk_wiz_0'...
INFO: [IP_Flow 19-1686] Generating 'Simulation' target for IP 'clk_wiz_0'...
INFO: [IP_Flow 19-1686] Generating 'Implementation' target for IP 'clk_wiz_0'...
INFO: [IP_Flow 19-1686] Generating 'Change Log' target for IP 'clk_wiz_0'...
export_ip_user_files -of_objects [get_files G:/aes/AWS_aes.srcs/sources_1/ip/clk_wiz_0/clk_wiz_0.xci] -no_script -sync -force -quiet
export_simulation -of_objects [get_files G:/aes/AWS_aes.srcs/sources_1/ip/clk_wiz_0/clk_wiz_0.xci] -directory G:/aes/AWS_aes.ip_user_files/sim_scripts -ip_user_files_dir G:/aes/AWS_aes.ip_user_files -ipstatic_source_dir G:/aes/AWS_aes.ip_user_files/ipstatic -lib_map_path [list {modelsim=G:/aes/AWS_aes.cache/compile_simlib/modelsim} {questa=G:/aes/AWS_aes.cache/compile_simlib/questa} {riviera=G:/aes/AWS_aes.cache/compile_simlib/riviera} {activehdl=G:/aes/AWS_aes.cache/compile_simlib/activehdl}] -use_ip_compiled_libs -force -quiet
update_compile_order -fileset sources_1
INFO: [Device 21-403] Loading part xc7s15ftgb196-1
WARNING: [IP_Flow 19-4067] Ignoring invalid widget type specified checkbox.Providing a default widget
WARNING: [IP_Flow 19-4067] Ignoring invalid widget type specified checkbox.Providing a default widget
export_ip_user_files -of_objects  [get_files G:/aes/AWS_aes.srcs/sources_1/ip/blk_mem_gen_1_1/blk_mem_gen_1.xci] -no_script -reset -force -quiet
remove_files  G:/aes/AWS_aes.srcs/sources_1/ip/blk_mem_gen_1_1/blk_mem_gen_1.xci
WARNING: [IP_Flow 19-4067] Ignoring invalid widget type specified checkbox.Providing a default widget
WARNING: [IP_Flow 19-4067] Ignoring invalid widget type specified checkbox.Providing a default widget
create_ip -name blk_mem_gen -vendor xilinx.com -library ip -version 8.4 -module_name blk_mem_gen_1 -dir g:/aes/AWS_aes.srcs/sources_1/ip
set_property -dict [list CONFIG.Write_Width_A {8} CONFIG.Write_Depth_A {256} CONFIG.Read_Width_A {8} CONFIG.Enable_A {Always_Enabled} CONFIG.Write_Width_B {8} CONFIG.Read_Width_B {8}] [get_ips blk_mem_gen_1]
generate_target {instantiation_template} [get_files g:/aes/AWS_aes.srcs/sources_1/ip/blk_mem_gen_1/blk_mem_gen_1.xci]
INFO: [IP_Flow 19-1686] Generating 'Instantiation Template' target for IP 'blk_mem_gen_1'...
generate_target all [get_files  g:/aes/AWS_aes.srcs/sources_1/ip/blk_mem_gen_1/blk_mem_gen_1.xci]
INFO: [IP_Flow 19-1686] Generating 'Synthesis' target for IP 'blk_mem_gen_1'...
INFO: [IP_Flow 19-1686] Generating 'Simulation' target for IP 'blk_mem_gen_1'...
INFO: [IP_Flow 19-1686] Generating 'Miscellaneous' target for IP 'blk_mem_gen_1'...
INFO: [IP_Flow 19-1686] Generating 'Change Log' target for IP 'blk_mem_gen_1'...
catch { config_ip_cache -export [get_ips -all blk_mem_gen_1] }
INFO: [IP_Flow 19-4993] Using cached IP synthesis design for IP blk_mem_gen_1, cache-ID = cf1576ea907bb5b5; cache size = 0.224 MB.
export_ip_user_files -of_objects [get_files g:/aes/AWS_aes.srcs/sources_1/ip/blk_mem_gen_1/blk_mem_gen_1.xci] -no_script -sync -force -quiet
create_ip_run [get_files -of_objects [get_fileset sources_1] g:/aes/AWS_aes.srcs/sources_1/ip/blk_mem_gen_1/blk_mem_gen_1.xci]
INFO: [Vivado 12-3453] The given sub-design is up-to-date, no action was taken.  If a run is still desired, use the '-force' option for the file:'g:/aes/AWS_aes.srcs/sources_1/ip/blk_mem_gen_1/blk_mem_gen_1.xci'
export_simulation -of_objects [get_files g:/aes/AWS_aes.srcs/sources_1/ip/blk_mem_gen_1/blk_mem_gen_1.xci] -directory G:/aes/AWS_aes.ip_user_files/sim_scripts -ip_user_files_dir G:/aes/AWS_aes.ip_user_files -ipstatic_source_dir G:/aes/AWS_aes.ip_user_files/ipstatic -lib_map_path [list {modelsim=G:/aes/AWS_aes.cache/compile_simlib/modelsim} {questa=G:/aes/AWS_aes.cache/compile_simlib/questa} {riviera=G:/aes/AWS_aes.cache/compile_simlib/riviera} {activehdl=G:/aes/AWS_aes.cache/compile_simlib/activehdl}] -use_ip_compiled_libs -force -quiet
update_compile_order -fileset sources_1
exit
INFO: [Common 17-206] Exiting Vivado at Sat Aug  1 15:58:39 2020...
