#-----------------------------------------------------------
# Vivado v2018.3 (64-bit)
# SW Build 2405991 on Thu Dec  6 23:38:27 MST 2018
# IP Build 2404404 on Fri Dec  7 01:43:56 MST 2018
# Start of session at: Fri Jul 31 22:22:49 2020
# Process ID: 4776
# Current directory: G:/aes
# Command line: vivado.exe -gui_launcher_event rodinguilauncherevent16540 G:\aes\AWS_aes.xpr
# Log file: G:/aes/vivado.log
# Journal file: G:/aes\vivado.jou
#-----------------------------------------------------------
start_gui
open_project G:/aes/AWS_aes.xpr
INFO: [Project 1-313] Project file moved from 'G:/download/AWS_AES加密模块/AWS_aes加密模块/主程序（使用时请避免中文路径）/AWS_aes' since last save.
Scanning sources...
Finished scanning sources
INFO: [IP_Flow 19-234] Refreshing IP repositories
INFO: [IP_Flow 19-1704] No user IP repositories specified
INFO: [IP_Flow 19-2313] Loaded Vivado IP repository 'D:/Xilinx/Vivado/2018.3/data/ip'.
WARNING: [IP_Flow 19-2162] IP 'clk_wiz_0' is locked:
* IP definition 'Clocking Wizard (6.0)' for IP 'clk_wiz_0' (customized with software release 2018.2) has a different revision in the IP Catalog.
Please select 'Report IP Status' from the 'Tools/Report' menu or run Tcl command 'report_ip_status' for more information.
open_project: Time (s): cpu = 00:00:14 ; elapsed = 00:00:07 . Memory (MB): peak = 784.391 ; gain = 170.820
update_compile_order -fileset sources_1
INFO: [Device 21-403] Loading part xc7s15ftgb196-1
WARNING: [IP_Flow 19-4067] Ignoring invalid widget type specified checkbox.Providing a default widget
WARNING: [IP_Flow 19-4067] Ignoring invalid widget type specified checkbox.Providing a default widget
create_ip -name blk_mem_gen -vendor xilinx.com -library ip -version 8.4 -module_name blk_mem_gen_1 -dir g:/aes/AWS_aes.srcs/sources_1/ip
set_property -dict [list CONFIG.Write_Width_A {8} CONFIG.Write_Depth_A {255} CONFIG.Read_Width_A {8} CONFIG.Enable_A {Always_Enabled} CONFIG.Write_Width_B {8} CONFIG.Read_Width_B {8}] [get_ips blk_mem_gen_1]
generate_target {instantiation_template} [get_files g:/aes/AWS_aes.srcs/sources_1/ip/blk_mem_gen_1/blk_mem_gen_1.xci]
INFO: [IP_Flow 19-1686] Generating 'Instantiation Template' target for IP 'blk_mem_gen_1'...
generate_target all [get_files  g:/aes/AWS_aes.srcs/sources_1/ip/blk_mem_gen_1/blk_mem_gen_1.xci]
INFO: [IP_Flow 19-1686] Generating 'Synthesis' target for IP 'blk_mem_gen_1'...
INFO: [IP_Flow 19-1686] Generating 'Simulation' target for IP 'blk_mem_gen_1'...
INFO: [IP_Flow 19-1686] Generating 'Miscellaneous' target for IP 'blk_mem_gen_1'...
INFO: [IP_Flow 19-1686] Generating 'Change Log' target for IP 'blk_mem_gen_1'...
catch { config_ip_cache -export [get_ips -all blk_mem_gen_1] }
export_ip_user_files -of_objects [get_files g:/aes/AWS_aes.srcs/sources_1/ip/blk_mem_gen_1/blk_mem_gen_1.xci] -no_script -sync -force -quiet
create_ip_run [get_files -of_objects [get_fileset sources_1] g:/aes/AWS_aes.srcs/sources_1/ip/blk_mem_gen_1/blk_mem_gen_1.xci]
launch_runs -jobs 6 blk_mem_gen_1_synth_1
[Fri Jul 31 22:30:31 2020] Launched blk_mem_gen_1_synth_1...
Run output will be captured here: G:/aes/AWS_aes.runs/blk_mem_gen_1_synth_1/runme.log
export_simulation -of_objects [get_files g:/aes/AWS_aes.srcs/sources_1/ip/blk_mem_gen_1/blk_mem_gen_1.xci] -directory G:/aes/AWS_aes.ip_user_files/sim_scripts -ip_user_files_dir G:/aes/AWS_aes.ip_user_files -ipstatic_source_dir G:/aes/AWS_aes.ip_user_files/ipstatic -lib_map_path [list {modelsim=G:/aes/AWS_aes.cache/compile_simlib/modelsim} {questa=G:/aes/AWS_aes.cache/compile_simlib/questa} {riviera=G:/aes/AWS_aes.cache/compile_simlib/riviera} {activehdl=G:/aes/AWS_aes.cache/compile_simlib/activehdl}] -use_ip_compiled_libs -force -quiet
export_ip_user_files -of_objects  [get_files g:/aes/AWS_aes.srcs/sources_1/ip/blk_mem_gen_1/blk_mem_gen_1.xci] -no_script -reset -force -quiet
remove_files  -fileset blk_mem_gen_1 g:/aes/AWS_aes.srcs/sources_1/ip/blk_mem_gen_1/blk_mem_gen_1.xci
INFO: [Project 1-386] Moving file 'g:/aes/AWS_aes.srcs/sources_1/ip/blk_mem_gen_1/blk_mem_gen_1.xci' from fileset 'blk_mem_gen_1' to fileset 'sources_1'.
file delete -force g:/aes/AWS_aes.srcs/sources_1/ip/blk_mem_gen_1
WARNING: [IP_Flow 19-4067] Ignoring invalid widget type specified checkbox.Providing a default widget
WARNING: [IP_Flow 19-4067] Ignoring invalid widget type specified checkbox.Providing a default widget
create_ip -name blk_mem_gen -vendor xilinx.com -library ip -version 8.4 -module_name blk_mem_gen_1 -dir g:/aes/AWS_aes.srcs/sources_1/ip
set_property -dict [list CONFIG.Write_Width_A {8} CONFIG.Write_Depth_A {2} CONFIG.Read_Width_A {8} CONFIG.Enable_A {Always_Enabled} CONFIG.Write_Width_B {8} CONFIG.Read_Width_B {8}] [get_ips blk_mem_gen_1]
generate_target {instantiation_template} [get_files g:/aes/AWS_aes.srcs/sources_1/ip/blk_mem_gen_1/blk_mem_gen_1.xci]
INFO: [IP_Flow 19-1686] Generating 'Instantiation Template' target for IP 'blk_mem_gen_1'...
generate_target all [get_files  g:/aes/AWS_aes.srcs/sources_1/ip/blk_mem_gen_1/blk_mem_gen_1.xci]
INFO: [IP_Flow 19-1686] Generating 'Synthesis' target for IP 'blk_mem_gen_1'...
INFO: [IP_Flow 19-1686] Generating 'Simulation' target for IP 'blk_mem_gen_1'...
INFO: [IP_Flow 19-1686] Generating 'Miscellaneous' target for IP 'blk_mem_gen_1'...
INFO: [IP_Flow 19-1686] Generating 'Change Log' target for IP 'blk_mem_gen_1'...
catch { config_ip_cache -export [get_ips -all blk_mem_gen_1] }
export_ip_user_files -of_objects [get_files g:/aes/AWS_aes.srcs/sources_1/ip/blk_mem_gen_1/blk_mem_gen_1.xci] -no_script -sync -force -quiet
create_ip_run [get_files -of_objects [get_fileset sources_1] g:/aes/AWS_aes.srcs/sources_1/ip/blk_mem_gen_1/blk_mem_gen_1.xci]
launch_runs -jobs 6 blk_mem_gen_1_synth_1
[Fri Jul 31 22:32:58 2020] Launched blk_mem_gen_1_synth_1...
Run output will be captured here: G:/aes/AWS_aes.runs/blk_mem_gen_1_synth_1/runme.log
export_simulation -of_objects [get_files g:/aes/AWS_aes.srcs/sources_1/ip/blk_mem_gen_1/blk_mem_gen_1.xci] -directory G:/aes/AWS_aes.ip_user_files/sim_scripts -ip_user_files_dir G:/aes/AWS_aes.ip_user_files -ipstatic_source_dir G:/aes/AWS_aes.ip_user_files/ipstatic -lib_map_path [list {modelsim=G:/aes/AWS_aes.cache/compile_simlib/modelsim} {questa=G:/aes/AWS_aes.cache/compile_simlib/questa} {riviera=G:/aes/AWS_aes.cache/compile_simlib/riviera} {activehdl=G:/aes/AWS_aes.cache/compile_simlib/activehdl}] -use_ip_compiled_libs -force -quiet
WARNING: [IP_Flow 19-4067] Ignoring invalid widget type specified checkbox.Providing a default widget
WARNING: [IP_Flow 19-4067] Ignoring invalid widget type specified checkbox.Providing a default widget
WARNING: [IP_Flow 19-4067] Ignoring invalid widget type specified checkbox.Providing a default widget
WARNING: [IP_Flow 19-4067] Ignoring invalid widget type specified checkbox.Providing a default widget
set_property -dict [list CONFIG.Write_Depth_A {256}] [get_ips blk_mem_gen_1]
generate_target all [get_files  g:/aes/AWS_aes.srcs/sources_1/ip/blk_mem_gen_1/blk_mem_gen_1.xci]
INFO: [IP_Flow 19-1686] Generating 'Instantiation Template' target for IP 'blk_mem_gen_1'...
INFO: [IP_Flow 19-1686] Generating 'Synthesis' target for IP 'blk_mem_gen_1'...
INFO: [IP_Flow 19-1686] Generating 'Simulation' target for IP 'blk_mem_gen_1'...
INFO: [IP_Flow 19-1686] Generating 'Miscellaneous' target for IP 'blk_mem_gen_1'...
INFO: [IP_Flow 19-1686] Generating 'Change Log' target for IP 'blk_mem_gen_1'...
catch { config_ip_cache -export [get_ips -all blk_mem_gen_1] }
export_ip_user_files -of_objects [get_files g:/aes/AWS_aes.srcs/sources_1/ip/blk_mem_gen_1/blk_mem_gen_1.xci] -no_script -sync -force -quiet
reset_run blk_mem_gen_1_synth_1
launch_runs -jobs 6 blk_mem_gen_1_synth_1
[Fri Jul 31 22:34:49 2020] Launched blk_mem_gen_1_synth_1...
Run output will be captured here: G:/aes/AWS_aes.runs/blk_mem_gen_1_synth_1/runme.log
export_simulation -of_objects [get_files g:/aes/AWS_aes.srcs/sources_1/ip/blk_mem_gen_1/blk_mem_gen_1.xci] -directory G:/aes/AWS_aes.ip_user_files/sim_scripts -ip_user_files_dir G:/aes/AWS_aes.ip_user_files -ipstatic_source_dir G:/aes/AWS_aes.ip_user_files/ipstatic -lib_map_path [list {modelsim=G:/aes/AWS_aes.cache/compile_simlib/modelsim} {questa=G:/aes/AWS_aes.cache/compile_simlib/questa} {riviera=G:/aes/AWS_aes.cache/compile_simlib/riviera} {activehdl=G:/aes/AWS_aes.cache/compile_simlib/activehdl}] -use_ip_compiled_libs -force -quiet
WARNING: [IP_Flow 19-4067] Ignoring invalid widget type specified checkbox.Providing a default widget
WARNING: [IP_Flow 19-4067] Ignoring invalid widget type specified checkbox.Providing a default widget
WARNING: [IP_Flow 19-4067] Ignoring invalid widget type specified checkbox.Providing a default widget
WARNING: [IP_Flow 19-4067] Ignoring invalid widget type specified checkbox.Providing a default widget
reset_run synth_1
launch_runs impl_1 -jobs 6
[Fri Jul 31 23:04:47 2020] Launched synth_1...
Run output will be captured here: G:/aes/AWS_aes.runs/synth_1/runme.log
[Fri Jul 31 23:04:47 2020] Launched impl_1...
Run output will be captured here: G:/aes/AWS_aes.runs/impl_1/runme.log
reset_run synth_1
launch_runs impl_1 -jobs 6
[Fri Jul 31 23:10:05 2020] Launched synth_1...
Run output will be captured here: G:/aes/AWS_aes.runs/synth_1/runme.log
[Fri Jul 31 23:10:05 2020] Launched impl_1...
Run output will be captured here: G:/aes/AWS_aes.runs/impl_1/runme.log
launch_runs impl_1 -to_step write_bitstream -jobs 6
[Fri Jul 31 23:14:15 2020] Launched impl_1...
Run output will be captured here: G:/aes/AWS_aes.runs/impl_1/runme.log
exit
INFO: [Common 17-206] Exiting Vivado at Fri Jul 31 23:15:09 2020...
