#-----------------------------------------------------------
# Vivado v2018.3 (64-bit)
# SW Build 2405991 on Thu Dec  6 23:38:27 MST 2018
# IP Build 2404404 on Fri Dec  7 01:43:56 MST 2018
# Start of session at: Fri Jul 31 16:46:09 2020
# Process ID: 10284
# Current directory: G:/download/AWS_AES加密模块/AWS_aes加密模块/主程序（使用时请避免中文路径）/AWS_aes
# Command line: vivado.exe -gui_launcher_event rodinguilauncherevent8768 G:\download\AWS_AES加密模块\AWS_aes加密模块\主程序（使用时请避免中文路径）\AWS_aes\AWS_aes.xpr
# Log file: G:/download/AWS_AES加密模块/AWS_aes加密模块/主程序（使用时请避免中文路径）/AWS_aes/vivado.log
# Journal file: G:/download/AWS_AES加密模块/AWS_aes加密模块/主程序（使用时请避免中文路径）/AWS_aes\vivado.jou
#-----------------------------------------------------------
start_gui
open_project G:/download/AWS_AES加密模块/AWS_aes加密模块/主程序（使用时请避免中文路径）/AWS_aes/AWS_aes.xpr
INFO: [ProjectBase 1-489] The host OS only allows 260 characters in a normal path. The project is stored in a path with more than 80 characters. If you experience issues with IP, Block Designs, or files not being found, please consider moving the project to a location with a shorter path. Alternately consider using the OS subst command to map part of the path to a drive letter.
Current project path is 'G:/download/AWS_AES加密模块/AWS_aes加密模块/主程序（使用时请避免中文路径）/AWS_aes'
Scanning sources...
Finished scanning sources
INFO: [IP_Flow 19-234] Refreshing IP repositories
INFO: [IP_Flow 19-1704] No user IP repositories specified
INFO: [IP_Flow 19-2313] Loaded Vivado IP repository 'D:/Xilinx/Vivado/2018.3/data/ip'.
WARNING: [IP_Flow 19-2162] IP 'clk_wiz_0' is locked:
* IP definition 'Clocking Wizard (6.0)' for IP 'clk_wiz_0' (customized with software release 2018.2) has a different revision in the IP Catalog.
Please select 'Report IP Status' from the 'Tools/Report' menu or run Tcl command 'report_ip_status' for more information.
open_project: Time (s): cpu = 00:00:17 ; elapsed = 00:00:08 . Memory (MB): peak = 809.359 ; gain = 166.996
update_compile_order -fileset sources_1
exit
INFO: [Common 17-206] Exiting Vivado at Fri Jul 31 17:18:28 2020...
