Copyright 1986-2018 Xilinx, Inc. All Rights Reserved.
-------------------------------------------------------------------------------------------------------------------------------------------------------
| Tool Version     : Vivado v.2018.3 (win64) Build 2405991 Thu Dec  6 23:38:27 MST 2018
| Date             : Sat Aug  1 13:03:50 2020
| Host             : MSI running 64-bit major release  (build 9200)
| Command          : report_power -file AWS_aes_top_power_routed.rpt -pb AWS_aes_top_power_summary_routed.pb -rpx AWS_aes_top_power_routed.rpx
| Design           : AWS_aes_top
| Device           : xc7s15ftgb196-1
| Design State     : routed
| Grade            : commercial
| Process          : typical
| Characterization : Production
-------------------------------------------------------------------------------------------------------------------------------------------------------

Power Report

Table of Contents
-----------------
1. Summary
1.1 On-Chip Components
1.2 Power Supply Summary
1.3 Confidence Level
2. Settings
2.1 Environment
2.2 Clock Constraints
3. Detailed Reports
3.1 By Hierarchy

1. Summary
----------

+--------------------------+--------------+
| Total On-Chip Power (W)  | 0.172        |
| Design Power Budget (W)  | Unspecified* |
| Power Budget Margin (W)  | NA           |
| Dynamic (W)              | 0.152        |
| Device Static (W)        | 0.020        |
| Effective TJA (C/W)      | 3.4          |
| Max Ambient (C)          | 84.4         |
| Junction Temperature (C) | 25.6         |
| Confidence Level         | Low          |
| Setting File             | ---          |
| Simulation Activity File | ---          |
| Design Nets Matched      | NA           |
+--------------------------+--------------+
* Specify Design Power Budget using, set_operating_conditions -design_power_budget <value in Watts>


1.1 On-Chip Components
----------------------

+----------------+-----------+----------+-----------+-----------------+
| On-Chip        | Power (W) | Used     | Available | Utilization (%) |
+----------------+-----------+----------+-----------+-----------------+
| Clocks         |     0.002 |        7 |       --- |             --- |
| Slice Logic    |     0.005 |     1290 |       --- |             --- |
|   LUT as Logic |     0.005 |      653 |      8000 |            8.16 |
|   Register     |    <0.001 |      522 |     16000 |            3.26 |
|   F7/F8 Muxes  |    <0.001 |       24 |      8000 |            0.30 |
|   BUFG         |    <0.001 |        1 |        16 |            6.25 |
|   CARRY4       |    <0.001 |        2 |      2000 |            0.10 |
|   Others       |     0.000 |       21 |       --- |             --- |
| Signals        |     0.007 |     1090 |       --- |             --- |
| Block RAM      |     0.011 |        6 |        10 |           60.00 |
| MMCM           |     0.126 |        1 |         2 |           50.00 |
| I/O            |     0.002 |       15 |       100 |           15.00 |
| Static Power   |     0.020 |          |           |                 |
| Total          |     0.172 |          |           |                 |
+----------------+-----------+----------+-----------+-----------------+


1.2 Power Supply Summary
------------------------

+-----------+-------------+-----------+-------------+------------+
| Source    | Voltage (V) | Total (A) | Dynamic (A) | Static (A) |
+-----------+-------------+-----------+-------------+------------+
| Vccint    |       1.000 |     0.028 |       0.024 |      0.004 |
| Vccaux    |       1.800 |     0.077 |       0.070 |      0.007 |
| Vcco33    |       3.300 |     0.002 |       0.001 |      0.001 |
| Vcco25    |       2.500 |     0.000 |       0.000 |      0.000 |
| Vcco18    |       1.800 |     0.000 |       0.000 |      0.000 |
| Vcco15    |       1.500 |     0.000 |       0.000 |      0.000 |
| Vcco135   |       1.350 |     0.000 |       0.000 |      0.000 |
| Vcco12    |       1.200 |     0.000 |       0.000 |      0.000 |
| Vccaux_io |       1.800 |     0.000 |       0.000 |      0.000 |
| Vccbram   |       1.000 |     0.001 |       0.001 |      0.000 |
| Vccadc    |       1.800 |     0.000 |       0.000 |      0.000 |
+-----------+-------------+-----------+-------------+------------+


1.3 Confidence Level
--------------------

+-----------------------------+------------+--------------------------------------------------------+--------------------------------------------------------------------------------------------------------------------+
| User Input Data             | Confidence | Details                                                | Action                                                                                                             |
+-----------------------------+------------+--------------------------------------------------------+--------------------------------------------------------------------------------------------------------------------+
| Design implementation state | High       | Design is routed                                       |                                                                                                                    |
| Clock nodes activity        | Medium     | More than 5% of clocks are missing user specification  | Provide missing clock activity with a constraint file, simulation results or by editing the "By Clock Domain" view |
| I/O nodes activity          | Low        | More than 75% of inputs are missing user specification | Provide missing input activity with simulation results or by editing the "By Resource Type -> I/Os" view           |
| Internal nodes activity     | Medium     | User specified less than 25% of internal nodes         | Provide missing internal nodes activity with simulation results or by editing the "By Resource Type" views         |
| Device models               | High       | Device models are Production                           |                                                                                                                    |
|                             |            |                                                        |                                                                                                                    |
| Overall confidence level    | Low        |                                                        |                                                                                                                    |
+-----------------------------+------------+--------------------------------------------------------+--------------------------------------------------------------------------------------------------------------------+


2. Settings
-----------

2.1 Environment
---------------

+-----------------------+--------------------------+
| Ambient Temp (C)      | 25.0                     |
| ThetaJA (C/W)         | 3.4                      |
| Airflow (LFM)         | 250                      |
| Heat Sink             | medium (Medium Profile)  |
| ThetaSA (C/W)         | 15.4                     |
| Board Selection       | medium (10"x10")         |
| # of Board Layers     | 12to15 (12 to 15 Layers) |
| Board Temperature (C) | 25.0                     |
+-----------------------+--------------------------+


2.2 Clock Constraints
---------------------

+--------------------+----------------------------------------------------------+-----------------+
| Clock              | Domain                                                   | Constraint (ns) |
+--------------------+----------------------------------------------------------+-----------------+
| clk_out1_clk_wiz_0 | light_sensor_inst/clk_wiz_0_inst/inst/clk_out1_clk_wiz_0 |            66.7 |
| clk_out2_clk_wiz_0 | light_sensor_inst/clk_wiz_0_inst/inst/clk_out2_clk_wiz_0 |            66.7 |
| clk_out3_clk_wiz_0 | light_sensor_inst/clk_wiz_0_inst/inst/clk_out3_clk_wiz_0 |            20.0 |
| clkfbout_clk_wiz_0 | light_sensor_inst/clk_wiz_0_inst/inst/clkfbout_clk_wiz_0 |            10.0 |
| sclk               | sclk                                                     |            10.0 |
+--------------------+----------------------------------------------------------+-----------------+


3. Detailed Reports
-------------------

3.1 By Hierarchy
----------------

+-----------------------+-----------+
| Name                  | Power (W) |
+-----------------------+-----------+
| AWS_aes_top           |     0.152 |
|   aes_cipher_top_inst |     0.022 |
|     u0                |     0.011 |
|   light_sensor_inst   |     0.126 |
|     clk_wiz_0_inst    |     0.126 |
|       inst            |     0.126 |
|   ram_count_inst      |     0.001 |
+-----------------------+-----------+


