Vivado Simulator 2018.3
Copyright 1986-1999, 2001-2018 Xilinx, Inc. All Rights Reserved.
Running: D:/Xilinx/Vivado/2018.3/bin/unwrapped/win64.o/xelab.exe -wto 94413ddf38c945fc9ff03aa0f06a71bf --incr --debug typical --relax --mt 2 -L blk_mem_gen_v8_4_2 -L xil_defaultlib -L unisims_ver -L unimacro_ver -L secureip -L xpm --snapshot AWS_aes_top_tb_behav xil_defaultlib.AWS_aes_top_tb xil_defaultlib.glbl -log elaborate.log 
Using 2 slave threads.
Starting static elaboration
WARNING: [VRFC 10-3091] actual bit length 8 differs from formal bit length 32 for port 'o_addr' [G:/aes/AWS_aes.srcs/sources_1/new/AWS_aes_top.v:138]
Completed static elaboration
Starting simulation data flow analysis
Completed simulation data flow analysis
Time Resolution for simulation is 1ps
Compiling module xil_defaultlib.key_128test
Compiling module unisims_ver.IBUF
Compiling module unisims_ver.MMCME2_ADV(CLKFBOUT_MULT_F=10.5,...
Compiling module unisims_ver.BUFG
Compiling module xil_defaultlib.clk_wiz_0_clk_wiz
Compiling module xil_defaultlib.clk_wiz_0
Compiling module xil_defaultlib.ad_drive
Compiling module xil_defaultlib.light_sensor
Compiling module xil_defaultlib.aes_sbox
Compiling module xil_defaultlib.aes_rcon
Compiling module xil_defaultlib.aes_key_expand_128
Compiling module xil_defaultlib.aes_cipher_top
Compiling module xil_defaultlib.ram_count
Compiling module blk_mem_gen_v8_4_2.blk_mem_gen_v8_4_2_output_stage(...
Compiling module blk_mem_gen_v8_4_2.blk_mem_gen_v8_4_2_softecc_outpu...
Compiling module blk_mem_gen_v8_4_2.blk_mem_gen_v8_4_2_mem_module(C_...
Compiling module blk_mem_gen_v8_4_2.blk_mem_axi_regs_fwd_v8_4(C_DATA...
Compiling module blk_mem_gen_v8_4_2.blk_mem_gen_v8_4_2(C_FAMILY="spa...
Compiling module xil_defaultlib.blk_mem_gen_0
Compiling module blk_mem_gen_v8_4_2.blk_mem_gen_v8_4_2_output_stage(...
Compiling module blk_mem_gen_v8_4_2.blk_mem_gen_v8_4_2_mem_module(C_...
Compiling module blk_mem_gen_v8_4_2.blk_mem_gen_v8_4_2(C_FAMILY="spa...
Compiling module xil_defaultlib.blk_mem_gen_1
Compiling module xil_defaultlib.QSPI_slave
Compiling module xil_defaultlib.AWS_aes_top
Compiling module xil_defaultlib.AWS_aes_top_tb
Compiling module xil_defaultlib.glbl
Built simulation snapshot AWS_aes_top_tb_behav
