#-----------------------------------------------------------
# Vivado v2018.3 (64-bit)
# SW Build 2405991 on Thu Dec  6 23:38:27 MST 2018
# IP Build 2404404 on Fri Dec  7 01:43:56 MST 2018
# Start of session at: Fri Jul 31 16:13:34 2020
# Process ID: 15712
# Current directory: G:/download/AWS_AES加密模块/AWS_aes加密模块/主程序（使用时请避免中文路径）/AWS_aes
# Command line: vivado.exe -gui_launcher_event rodinguilauncherevent14624 G:\download\AWS_AES加密模块\AWS_aes加密模块\主程序（使用时请避免中文路径）\AWS_aes\AWS_aes.xpr
# Log file: G:/download/AWS_AES加密模块/AWS_aes加密模块/主程序（使用时请避免中文路径）/AWS_aes/vivado.log
# Journal file: G:/download/AWS_AES加密模块/AWS_aes加密模块/主程序（使用时请避免中文路径）/AWS_aes\vivado.jou
#-----------------------------------------------------------
start_gui
open_project G:/download/AWS_AES加密模块/AWS_aes加密模块/主程序（使用时请避免中文路径）/AWS_aes/AWS_aes.xpr
INFO: [ProjectBase 1-489] The host OS only allows 260 characters in a normal path. The project is stored in a path with more than 80 characters. If you experience issues with IP, Block Designs, or files not being found, please consider moving the project to a location with a shorter path. Alternately consider using the OS subst command to map part of the path to a drive letter.
Current project path is 'G:/download/AWS_AES加密模块/AWS_aes加密模块/主程序（使用时请避免中文路径）/AWS_aes'
INFO: [Project 1-313] Project file moved from 'C:/Users/shuyuz/Desktop/Xilinx_work/20190902/AWS_aes' since last save.
Scanning sources...
Finished scanning sources
INFO: [IP_Flow 19-234] Refreshing IP repositories
INFO: [IP_Flow 19-1704] No user IP repositories specified
INFO: [IP_Flow 19-2313] Loaded Vivado IP repository 'D:/Xilinx/Vivado/2018.3/data/ip'.
WARNING: [IP_Flow 19-2162] IP 'blk_mem_gen_0' is locked:
* IP definition 'Block Memory Generator (8.4)' for IP 'blk_mem_gen_0' (customized with software release 2018.2) has a different revision in the IP Catalog.
Please select 'Report IP Status' from the 'Tools/Report' menu or run Tcl command 'report_ip_status' for more information.
WARNING: [IP_Flow 19-2162] IP 'clk_wiz_0' is locked:
* IP definition 'Clocking Wizard (6.0)' for IP 'clk_wiz_0' (customized with software release 2018.2) has a different revision in the IP Catalog.
Please select 'Report IP Status' from the 'Tools/Report' menu or run Tcl command 'report_ip_status' for more information.
INFO: [Project 1-230] Project 'AWS_aes.xpr' upgraded for this version of Vivado.
open_project: Time (s): cpu = 00:00:13 ; elapsed = 00:00:07 . Memory (MB): peak = 853.199 ; gain = 208.055
report_ip_status -name ip_status 
update_compile_order -fileset sources_1
upgrade_ip [get_ips  {g:/download/AWS_AESóüé/AWS_aesóüé/÷3ìDò￡¨ó±üaD・￡/AWS_aes/AWS_aes.srcs/sources_1/ip/blk_mem_gen_0/blk_m g:/download/AWS_AESóüé/AWS_aesóüé/÷3ìDò￡¨ó±üaD・￡/AWS_aes/AWS_aes.srcs/sources_1/ip/clk_wiz_0/c}] -log ip_upgrade.log
WARNING: [Coretcl 2-176] No IPs found
ERROR: [Common 17-69] Command failed: No IP specified.  Please specify IP with 'objects'
upgrade_ip [get_ips  {g:/download/AWS_AESóüé/AWS_aesóüé/÷3ìDò￡¨ó±üaD・￡/AWS_aes/AWS_aes.srcs/sources_1/ip/blk_mem_gen_0/blk_m g:/download/AWS_AESóüé/AWS_aesóüé/÷3ìDò￡¨ó±üaD・￡/AWS_aes/AWS_aes.srcs/sources_1/ip/clk_wiz_0/c}] -log ip_upgrade.log
WARNING: [Coretcl 2-176] No IPs found
ERROR: [Common 17-69] Command failed: No IP specified.  Please specify IP with 'objects'
upgrade_ip [get_ips  {g:/download/AWS_AESóüé/AWS_aesóüé/÷3ìDò￡¨ó±üaD・￡/AWS_aes/AWS_aes.srcs/sources_1/ip/blk_mem_gen_0/blk_m g:/download/AWS_AESóüé/AWS_aesóüé/÷3ìDò￡¨ó±üaD・￡/AWS_aes/AWS_aes.srcs/sources_1/ip/clk_wiz_0/c}] -log ip_upgrade.log
WARNING: [Coretcl 2-176] No IPs found
ERROR: [Common 17-69] Command failed: No IP specified.  Please specify IP with 'objects'
upgrade_ip -vlnv xilinx.com:ip:blk_mem_gen:8.4 [get_ips  blk_mem_gen_0] -log ip_upgrade.log
Upgrading 'blk_mem_gen_0'
INFO: [Device 21-403] Loading part xc7s15ftgb196-1
INFO: [IP_Flow 19-3422] Upgraded blk_mem_gen_0 (Block Memory Generator 8.4) from revision 1 to revision 2
INFO: [IP_Flow 19-1686] Generating 'Instantiation Template' target for IP 'blk_mem_gen_0'...
INFO: [Coretcl 2-1525] Wrote upgrade log to 'G:/download/AWS_AES加密模块/AWS_aes加密模块/主程序（使用时请避免中文路径）/AWS_aes/ip_upgrade.log'.
export_ip_user_files -of_objects [get_ips blk_mem_gen_0] -no_script -sync -force -quiet
generate_target all [get_files  G:/download/AWS_AES加密模块/AWS_aes加密模块/主程序（使用时请避免中文路径）/AWS_aes/AWS_aes.srcs/sources_1/ip/blk_mem_gen_0/blk_mem_gen_0.xci]
INFO: [IP_Flow 19-1686] Generating 'Synthesis' target for IP 'blk_mem_gen_0'...
INFO: [IP_Flow 19-1686] Generating 'Simulation' target for IP 'blk_mem_gen_0'...
INFO: [IP_Flow 19-1686] Generating 'Miscellaneous' target for IP 'blk_mem_gen_0'...
INFO: [IP_Flow 19-1686] Generating 'Change Log' target for IP 'blk_mem_gen_0'...
export_ip_user_files -of_objects [get_files G:/download/AWS_AES加密模块/AWS_aes加密模块/主程序（使用时请避免中文路径）/AWS_aes/AWS_aes.srcs/sources_1/ip/blk_mem_gen_0/blk_mem_gen_0.xci] -no_script -sync -force -quiet
export_simulation -of_objects [get_files G:/download/AWS_AES加密模块/AWS_aes加密模块/主程序（使用时请避免中文路径）/AWS_aes/AWS_aes.srcs/sources_1/ip/blk_mem_gen_0/blk_mem_gen_0.xci] -directory G:/download/AWS_AES加密模块/AWS_aes加密模块/主程序（使用时请避免中文路径）/AWS_aes/AWS_aes.ip_user_files/sim_scripts -ip_user_files_dir G:/download/AWS_AES加密模块/AWS_aes加密模块/主程序（使用时请避免中文路径）/AWS_aes/AWS_aes.ip_user_files -ipstatic_source_dir G:/download/AWS_AES加密模块/AWS_aes加密模块/主程序（使用时请避免中文路径）/AWS_aes/AWS_aes.ip_user_files/ipstatic -lib_map_path [list {modelsim=G:/download/AWS_AES加密模块/AWS_aes加密模块/主程序（使用时请避免中文路径）/AWS_aes/AWS_aes.cache/compile_simlib/modelsim} {questa=G:/download/AWS_AES加密模块/AWS_aes加密模块/主程序（使用时请避免中文路径）/AWS_aes/AWS_aes.cache/compile_simlib/questa} {riviera=G:/download/AWS_AES加密模块/AWS_aes加密模块/主程序（使用时请避免中文路径）/AWS_aes/AWS_aes.cache/compile_simlib/riviera} {activehdl=G:/download/AWS_AES加密模块/AWS_aes加密模块/主程序（使用时请避免中文路径）/AWS_aes/AWS_aes.cache/compile_simlib/activehdl}] -use_ip_compiled_libs -force -quiet
WARNING: [IP_Flow 19-4067] Ignoring invalid widget type specified checkbox.Providing a default widget
WARNING: [IP_Flow 19-4067] Ignoring invalid widget type specified checkbox.Providing a default widget
exit
INFO: [Common 17-206] Exiting Vivado at Fri Jul 31 16:44:21 2020...
